
> tmp_next_app@0.1.0 dev
> next dev

▲ Next.js 16.1.6 (Turbopack)
- Local:         http://localhost:3000
- Network:       http://192.168.0.2:3000
- Environments: .env.local

✓ Starting...
✓ Ready in 1134ms
○ Compiling /sandwich/[id] ...
⨯ Error: Unable to detect a Project Id in the current environment.
To learn more about authentication and Google APIs, visit:
https://cloud.google.com/docs/authentication/getting-started
    at <unknown> (https://cloud.google.com/docs/authentication/getting-started)
    at async getSandwichData (src/app/sandwich/[id]/page.tsx:48:25)
    at async SandwichDetailPage (src/app/sandwich/[id]/page.tsx:96:22)
    at getSandwichData (src/app/sandwich/[id]/page.tsx:48:67)
    at SandwichDetailPage (src/app/sandwich/[id]/page.tsx:96:28)
  46 |
  47 | async function getSandwichData(id: string): Promise<Sandwich | null> {
> 48 |     const sandwichDoc = await db.collection("sandwiches").doc(id).get();
     |                         ^
  49 |     if (!sandwichDoc.exists) return null;
  50 |
  51 |     const sandwichData = sandwichDoc.data() as any; {
  digest: '4248009856'
}
 GET /sandwich/1 500 in 9.4s (compile: 6.3s, render: 3.1s)
Error: Turbopack build failed with 1 errors:
./src/app
Error: Next.js inferred your workspace root, but it may not be correct.
    We couldn't find the Next.js package (next/package.json) from the project directory: /app/src/app
     To fix this, set turbopack.root in your Next.js config, or ensure the Next.js package is resolvable from this directory.
    Note: For security and performance reasons, files outside of the project directory will not be compiled.
    See https://nextjs.org/docs/app/api-reference/config/next-config-js/turbopack#root-directory for more information.

    at ignore-listed frames
[?25h
